

CmdLine:	D:\workspace\iLabs\pics-tagger\pics-tagger.exe --l4j-debug
WOW64:		yes
Check launcher:	 (n/a)
64-bit search:	SOFTWARE\JavaSoft\Java Runtime Environment...
Match:		SOFTWARE\JavaSoft\Java Runtime Environment\1.6
Ignore:		SOFTWARE\JavaSoft\Java Runtime Environment\1.6.0_30
Using 64-bit runtime.
64-bit search:	SOFTWARE\JavaSoft\Java Development Kit...
32-bit search:	SOFTWARE\JavaSoft\Java Development Kit...
Check launcher:	C:\Program Files\Java\jre6\bin\javaw.exe (OK)
Launcher:	C:\Program Files\Java\jre6\bin\javaw.exe
Launcher args:	-jar "D:\workspace\iLabs\pics-tagger\pics-tagger.exe"
Args length:	53/32768 chars
Exit code:	0


CmdLine:	D:\workspace\iLabs\pics-tagger\pics-tagger.exe --l4j-debug
WOW64:		yes
Check launcher:	 (n/a)
64-bit search:	SOFTWARE\JavaSoft\Java Runtime Environment...
Match:		SOFTWARE\JavaSoft\Java Runtime Environment\1.6
Ignore:		SOFTWARE\JavaSoft\Java Runtime Environment\1.6.0_30
Using 64-bit runtime.
64-bit search:	SOFTWARE\JavaSoft\Java Development Kit...
32-bit search:	SOFTWARE\JavaSoft\Java Development Kit...
Check launcher:	C:\Program Files\Java\jre6\bin\javaw.exe (OK)


CmdLine:	D:\workspace\iLabs\pics-tagger\pics-tagger.exe --l4j-debug
WOW64:		yes
Check launcher:	 (n/a)
64-bit search:	SOFTWARE\JavaSoft\Java Runtime Environment...
Match:		SOFTWARE\JavaSoft\Java Runtime Environment\1.6
Ignore:		SOFTWARE\JavaSoft\Java Runtime Environment\1.6.0_30
Using 64-bit runtime.
64-bit search:	SOFTWARE\JavaSoft\Java Development Kit...
32-bit search:	SOFTWARE\JavaSoft\Java Development Kit...
Check launcher:	C:\Program Files\Java\jre6\bin\javaw.exe (OK)


CmdLine:	D:\workspace\iLabs\pics-tagger\pics-tagger.exe --l4j-debug
WOW64:		yes
Check launcher:	 (n/a)
64-bit search:	SOFTWARE\JavaSoft\Java Runtime Environment...
Match:		SOFTWARE\JavaSoft\Java Runtime Environment\1.6
Ignore:		SOFTWARE\JavaSoft\Java Runtime Environment\1.6.0_30
Using 64-bit runtime.
64-bit search:	SOFTWARE\JavaSoft\Java Development Kit...
32-bit search:	SOFTWARE\JavaSoft\Java Development Kit...
Check launcher:	C:\Program Files\Java\jre6\bin\javaw.exe (OK)


CmdLine:	D:\workspace\iLabs\pics-tagger\pics-tagger.exe --l4j-debug
WOW64:		yes
Check launcher:	 (n/a)
64-bit search:	SOFTWARE\JavaSoft\Java Runtime Environment...
Match:		SOFTWARE\JavaSoft\Java Runtime Environment\1.6
Ignore:		SOFTWARE\JavaSoft\Java Runtime Environment\1.6.0_30
Using 64-bit runtime.
64-bit search:	SOFTWARE\JavaSoft\Java Development Kit...
32-bit search:	SOFTWARE\JavaSoft\Java Development Kit...
Check launcher:	C:\Program Files\Java\jre6\bin\javaw.exe (OK)


CmdLine:	D:\workspace\iLabs\pics-tagger\pics-tagger.exe --l4j-debug
WOW64:		yes
Check launcher:	 (n/a)
64-bit search:	SOFTWARE\JavaSoft\Java Runtime Environment...
Match:		SOFTWARE\JavaSoft\Java Runtime Environment\1.6
Ignore:		SOFTWARE\JavaSoft\Java Runtime Environment\1.6.0_30
Using 64-bit runtime.
64-bit search:	SOFTWARE\JavaSoft\Java Development Kit...
32-bit search:	SOFTWARE\JavaSoft\Java Development Kit...
Check launcher:	C:\Program Files\Java\jre6\bin\javaw.exe (OK)


CmdLine:	D:\workspace\iLabs\pics-tagger\pics-tagger.exe --l4j-debug
WOW64:		yes
Check launcher:	 (n/a)
64-bit search:	SOFTWARE\JavaSoft\Java Runtime Environment...
Match:		SOFTWARE\JavaSoft\Java Runtime Environment\1.6
Ignore:		SOFTWARE\JavaSoft\Java Runtime Environment\1.6.0_30
Using 64-bit runtime.
64-bit search:	SOFTWARE\JavaSoft\Java Development Kit...
32-bit search:	SOFTWARE\JavaSoft\Java Development Kit...
Check launcher:	C:\Program Files\Java\jre6\bin\javaw.exe (OK)


CmdLine:	D:\workspace\iLabs\pics-tagger\pics-tagger.exe --l4j-debug
WOW64:		yes
Check launcher:	 (n/a)
64-bit search:	SOFTWARE\JavaSoft\Java Runtime Environment...
Match:		SOFTWARE\JavaSoft\Java Runtime Environment\1.6
Ignore:		SOFTWARE\JavaSoft\Java Runtime Environment\1.6.0_30
Using 64-bit runtime.
64-bit search:	SOFTWARE\JavaSoft\Java Development Kit...
32-bit search:	SOFTWARE\JavaSoft\Java Development Kit...
Check launcher:	C:\Program Files\Java\jre6\bin\javaw.exe (OK)


CmdLine:	D:\workspace\iLabs\pics-tagger\pics-tagger.exe --l4j-debug
WOW64:		yes
Check launcher:	 (n/a)
64-bit search:	SOFTWARE\JavaSoft\Java Runtime Environment...
Match:		SOFTWARE\JavaSoft\Java Runtime Environment\1.6
Ignore:		SOFTWARE\JavaSoft\Java Runtime Environment\1.6.0_30
Using 64-bit runtime.
64-bit search:	SOFTWARE\JavaSoft\Java Development Kit...
32-bit search:	SOFTWARE\JavaSoft\Java Development Kit...
Check launcher:	C:\Program Files\Java\jre6\bin\javaw.exe (OK)
Launcher:	C:\Program Files\Java\jre6\bin\javaw.exe
Launcher args:	-jar "D:\workspace\iLabs\pics-tagger\pics-tagger.exe"
Args length:	53/32768 chars
Exit code:	0


CmdLine:	D:\workspace\iLabs\pics-tagger\pics-tagger.exe --l4j-debug
WOW64:		yes
Check launcher:	 (n/a)
64-bit search:	SOFTWARE\JavaSoft\Java Runtime Environment...
Match:		SOFTWARE\JavaSoft\Java Runtime Environment\1.6
Ignore:		SOFTWARE\JavaSoft\Java Runtime Environment\1.6.0_30
Using 64-bit runtime.
64-bit search:	SOFTWARE\JavaSoft\Java Development Kit...
32-bit search:	SOFTWARE\JavaSoft\Java Development Kit...
Check launcher:	C:\Program Files\Java\jre6\bin\javaw.exe (OK)
Launcher:	C:\Program Files\Java\jre6\bin\javaw.exe
Launcher args:	-jar "D:\workspace\iLabs\pics-tagger\pics-tagger.exe"
Args length:	53/32768 chars
Exit code:	0


CmdLine:	D:\workspace\iLabs\pics-tagger\pics-tagger.exe --l4j-debug
WOW64:		yes
Check launcher:	 (n/a)
64-bit search:	SOFTWARE\JavaSoft\Java Runtime Environment...
Match:		SOFTWARE\JavaSoft\Java Runtime Environment\1.6
Ignore:		SOFTWARE\JavaSoft\Java Runtime Environment\1.6.0_30
Using 64-bit runtime.
64-bit search:	SOFTWARE\JavaSoft\Java Development Kit...
32-bit search:	SOFTWARE\JavaSoft\Java Development Kit...
Check launcher:	C:\Program Files\Java\jre6\bin\javaw.exe (OK)
Launcher:	C:\Program Files\Java\jre6\bin\javaw.exe
Launcher args:	-jar "D:\workspace\iLabs\pics-tagger\pics-tagger.exe"
Args length:	53/32768 chars
Exit code:	0
